/home/ahmed/Desktop/FIT4003/extract/src/outputs/gson/gson/codegen/src/main/java/com/google/gson/codegen/CodeGen.java
/home/ahmed/Desktop/FIT4003/extract/src/outputs/gson/gson/codegen/src/main/java/com/google/gson/codegen/GeneratedTypeAdapter.java
/home/ahmed/Desktop/FIT4003/extract/src/outputs/gson/gson/codegen/src/main/java/com/google/gson/codegen/GeneratedTypeAdapterProcessor.java
/home/ahmed/Desktop/FIT4003/extract/src/outputs/gson/gson/codegen/src/main/java/com/google/gson/codegen/JavaWriter.java
/home/ahmed/Desktop/FIT4003/extract/src/outputs/gson/gson/codegen/src/test/java/com/google/gson/codegen/functional/CodeGenFunctionalTest.java
/home/ahmed/Desktop/FIT4003/extract/src/outputs/gson/gson/codegen/src/test/java/com/google/gson/codegen/functional/Order.java
/home/ahmed/Desktop/FIT4003/extract/src/outputs/gson/gson/examples/android-proguard-example/src/com/google/gson/examples/android/GsonProguardExampleActivity.java
/home/ahmed/Desktop/FIT4003/extract/src/outputs/gson/gson/examples/android-proguard-example/src/com/google/gson/examples/android/model/Cart.java
/home/ahmed/Desktop/FIT4003/extract/src/outputs/gson/gson/examples/android-proguard-example/src/com/google/gson/examples/android/model/LineItem.java
/home/ahmed/Desktop/FIT4003/extract/src/outputs/gson/gson/extras/src/main/java/com/google/gson/extras/examples/rawcollections/RawCollectionsExample.java
/home/ahmed/Desktop/FIT4003/extract/src/outputs/gson/gson/extras/src/main/java/com/google/gson/graph/GraphAdapterBuilder.java
/home/ahmed/Desktop/FIT4003/extract/src/outputs/gson/gson/extras/src/main/java/com/google/gson/interceptors/Intercept.java
/home/ahmed/Desktop/FIT4003/extract/src/outputs/gson/gson/extras/src/main/java/com/google/gson/interceptors/InterceptorFactory.java
/home/ahmed/Desktop/FIT4003/extract/src/outputs/gson/gson/extras/src/main/java/com/google/gson/interceptors/JsonPostDeserializer.java
/home/ahmed/Desktop/FIT4003/extract/src/outputs/gson/gson/extras/src/main/java/com/google/gson/typeadapters/PostConstructAdapterFactory.java
/home/ahmed/Desktop/FIT4003/extract/src/outputs/gson/gson/extras/src/main/java/com/google/gson/typeadapters/RuntimeTypeAdapterFactory.java
/home/ahmed/Desktop/FIT4003/extract/src/outputs/gson/gson/extras/src/main/java/com/google/gson/typeadapters/UtcDateTypeAdapter.java
/home/ahmed/Desktop/FIT4003/extract/src/outputs/gson/gson/extras/src/test/java/com/google/gson/graph/GraphAdapterBuilderTest.java
/home/ahmed/Desktop/FIT4003/extract/src/outputs/gson/gson/extras/src/test/java/com/google/gson/interceptors/InterceptorTest.java
/home/ahmed/Desktop/FIT4003/extract/src/outputs/gson/gson/extras/src/test/java/com/google/gson/typeadapters/PostConstructAdapterFactoryTest.java
/home/ahmed/Desktop/FIT4003/extract/src/outputs/gson/gson/extras/src/test/java/com/google/gson/typeadapters/RuntimeTypeAdapterFactoryTest.java
/home/ahmed/Desktop/FIT4003/extract/src/outputs/gson/gson/extras/src/test/java/com/google/gson/typeadapters/UtcDateTypeAdapterTest.java
/home/ahmed/Desktop/FIT4003/extract/src/outputs/gson/gson/gson/src/main/java/com.google.gson/module-info.java
/home/ahmed/Desktop/FIT4003/extract/src/outputs/gson/gson/gson/src/main/java/com/google/gson/annotations/Expose.java
/home/ahmed/Desktop/FIT4003/extract/src/outputs/gson/gson/gson/src/main/java/com/google/gson/annotations/JsonAdapter.java
/home/ahmed/Desktop/FIT4003/extract/src/outputs/gson/gson/gson/src/main/java/com/google/gson/annotations/package-info.java
/home/ahmed/Desktop/FIT4003/extract/src/outputs/gson/gson/gson/src/main/java/com/google/gson/annotations/SerializedName.java
/home/ahmed/Desktop/FIT4003/extract/src/outputs/gson/gson/gson/src/main/java/com/google/gson/annotations/Since.java
/home/ahmed/Desktop/FIT4003/extract/src/outputs/gson/gson/gson/src/main/java/com/google/gson/annotations/Until.java
/home/ahmed/Desktop/FIT4003/extract/src/outputs/gson/gson/gson/src/main/java/com/google/gson/DefaultDateTypeAdapter.java
/home/ahmed/Desktop/FIT4003/extract/src/outputs/gson/gson/gson/src/main/java/com/google/gson/ExclusionStrategy.java
/home/ahmed/Desktop/FIT4003/extract/src/outputs/gson/gson/gson/src/main/java/com/google/gson/FieldAttributes.java
/home/ahmed/Desktop/FIT4003/extract/src/outputs/gson/gson/gson/src/main/java/com/google/gson/FieldNamingPolicy.java
/home/ahmed/Desktop/FIT4003/extract/src/outputs/gson/gson/gson/src/main/java/com/google/gson/FieldNamingStrategy.java
/home/ahmed/Desktop/FIT4003/extract/src/outputs/gson/gson/gson/src/main/java/com/google/gson/Gson.java
/home/ahmed/Desktop/FIT4003/extract/src/outputs/gson/gson/gson/src/main/java/com/google/gson/GsonBuilder.java
/home/ahmed/Desktop/FIT4003/extract/src/outputs/gson/gson/gson/src/main/java/com/google/gson/InstanceCreator.java
/home/ahmed/Desktop/FIT4003/extract/src/outputs/gson/gson/gson/src/main/java/com/google/gson/internal/$Gson$Preconditions.java
/home/ahmed/Desktop/FIT4003/extract/src/outputs/gson/gson/gson/src/main/java/com/google/gson/internal/$Gson$Types.java
/home/ahmed/Desktop/FIT4003/extract/src/outputs/gson/gson/gson/src/main/java/com/google/gson/internal/bind/ArrayTypeAdapter.java
/home/ahmed/Desktop/FIT4003/extract/src/outputs/gson/gson/gson/src/main/java/com/google/gson/internal/bind/CollectionTypeAdapterFactory.java
/home/ahmed/Desktop/FIT4003/extract/src/outputs/gson/gson/gson/src/main/java/com/google/gson/internal/bind/DateTypeAdapter.java
/home/ahmed/Desktop/FIT4003/extract/src/outputs/gson/gson/gson/src/main/java/com/google/gson/internal/bind/JsonAdapterAnnotationTypeAdapterFactory.java
/home/ahmed/Desktop/FIT4003/extract/src/outputs/gson/gson/gson/src/main/java/com/google/gson/internal/bind/JsonTreeReader.java
/home/ahmed/Desktop/FIT4003/extract/src/outputs/gson/gson/gson/src/main/java/com/google/gson/internal/bind/JsonTreeWriter.java
/home/ahmed/Desktop/FIT4003/extract/src/outputs/gson/gson/gson/src/main/java/com/google/gson/internal/bind/MapTypeAdapterFactory.java
/home/ahmed/Desktop/FIT4003/extract/src/outputs/gson/gson/gson/src/main/java/com/google/gson/internal/bind/ObjectTypeAdapter.java
/home/ahmed/Desktop/FIT4003/extract/src/outputs/gson/gson/gson/src/main/java/com/google/gson/internal/bind/ReflectiveTypeAdapterFactory.java
/home/ahmed/Desktop/FIT4003/extract/src/outputs/gson/gson/gson/src/main/java/com/google/gson/internal/bind/SqlDateTypeAdapter.java
/home/ahmed/Desktop/FIT4003/extract/src/outputs/gson/gson/gson/src/main/java/com/google/gson/internal/bind/TimeTypeAdapter.java
/home/ahmed/Desktop/FIT4003/extract/src/outputs/gson/gson/gson/src/main/java/com/google/gson/internal/bind/TreeTypeAdapter.java
/home/ahmed/Desktop/FIT4003/extract/src/outputs/gson/gson/gson/src/main/java/com/google/gson/internal/bind/TypeAdapterRuntimeTypeWrapper.java
/home/ahmed/Desktop/FIT4003/extract/src/outputs/gson/gson/gson/src/main/java/com/google/gson/internal/bind/TypeAdapters.java
/home/ahmed/Desktop/FIT4003/extract/src/outputs/gson/gson/gson/src/main/java/com/google/gson/internal/bind/util/ISO8601Utils.java
/home/ahmed/Desktop/FIT4003/extract/src/outputs/gson/gson/gson/src/main/java/com/google/gson/internal/ConstructorConstructor.java
/home/ahmed/Desktop/FIT4003/extract/src/outputs/gson/gson/gson/src/main/java/com/google/gson/internal/Excluder.java
/home/ahmed/Desktop/FIT4003/extract/src/outputs/gson/gson/gson/src/main/java/com/google/gson/internal/JsonReaderInternalAccess.java
/home/ahmed/Desktop/FIT4003/extract/src/outputs/gson/gson/gson/src/main/java/com/google/gson/internal/LazilyParsedNumber.java
/home/ahmed/Desktop/FIT4003/extract/src/outputs/gson/gson/gson/src/main/java/com/google/gson/internal/LinkedHashTreeMap.java
/home/ahmed/Desktop/FIT4003/extract/src/outputs/gson/gson/gson/src/main/java/com/google/gson/internal/LinkedTreeMap.java
/home/ahmed/Desktop/FIT4003/extract/src/outputs/gson/gson/gson/src/main/java/com/google/gson/internal/ObjectConstructor.java
/home/ahmed/Desktop/FIT4003/extract/src/outputs/gson/gson/gson/src/main/java/com/google/gson/internal/package-info.java
/home/ahmed/Desktop/FIT4003/extract/src/outputs/gson/gson/gson/src/main/java/com/google/gson/internal/PreJava9DateFormatProvider.java
/home/ahmed/Desktop/FIT4003/extract/src/outputs/gson/gson/gson/src/main/java/com/google/gson/internal/Primitives.java
/home/ahmed/Desktop/FIT4003/extract/src/outputs/gson/gson/gson/src/main/java/com/google/gson/internal/reflect/PreJava9ReflectionAccessor.java
/home/ahmed/Desktop/FIT4003/extract/src/outputs/gson/gson/gson/src/main/java/com/google/gson/internal/reflect/ReflectionAccessor.java
/home/ahmed/Desktop/FIT4003/extract/src/outputs/gson/gson/gson/src/main/java/com/google/gson/internal/reflect/UnsafeReflectionAccessor.java
/home/ahmed/Desktop/FIT4003/extract/src/outputs/gson/gson/gson/src/main/java/com/google/gson/internal/Streams.java
/home/ahmed/Desktop/FIT4003/extract/src/outputs/gson/gson/gson/src/main/java/com/google/gson/internal/UnsafeAllocator.java
/home/ahmed/Desktop/FIT4003/extract/src/outputs/gson/gson/gson/src/main/java/com/google/gson/JsonArray.java
/home/ahmed/Desktop/FIT4003/extract/src/outputs/gson/gson/gson/src/main/java/com/google/gson/JsonDeserializationContext.java
/home/ahmed/Desktop/FIT4003/extract/src/outputs/gson/gson/gson/src/main/java/com/google/gson/JsonDeserializer.java
/home/ahmed/Desktop/FIT4003/extract/src/outputs/gson/gson/gson/src/main/java/com/google/gson/JsonElement.java
/home/ahmed/Desktop/FIT4003/extract/src/outputs/gson/gson/gson/src/main/java/com/google/gson/JsonIOException.java
/home/ahmed/Desktop/FIT4003/extract/src/outputs/gson/gson/gson/src/main/java/com/google/gson/JsonNull.java
/home/ahmed/Desktop/FIT4003/extract/src/outputs/gson/gson/gson/src/main/java/com/google/gson/JsonObject.java
/home/ahmed/Desktop/FIT4003/extract/src/outputs/gson/gson/gson/src/main/java/com/google/gson/JsonParseException.java
/home/ahmed/Desktop/FIT4003/extract/src/outputs/gson/gson/gson/src/main/java/com/google/gson/JsonParser.java
/home/ahmed/Desktop/FIT4003/extract/src/outputs/gson/gson/gson/src/main/java/com/google/gson/JsonPrimitive.java
/home/ahmed/Desktop/FIT4003/extract/src/outputs/gson/gson/gson/src/main/java/com/google/gson/JsonSerializationContext.java
/home/ahmed/Desktop/FIT4003/extract/src/outputs/gson/gson/gson/src/main/java/com/google/gson/JsonSerializer.java
/home/ahmed/Desktop/FIT4003/extract/src/outputs/gson/gson/gson/src/main/java/com/google/gson/JsonStreamParser.java
/home/ahmed/Desktop/FIT4003/extract/src/outputs/gson/gson/gson/src/main/java/com/google/gson/JsonSyntaxException.java
/home/ahmed/Desktop/FIT4003/extract/src/outputs/gson/gson/gson/src/main/java/com/google/gson/LongSerializationPolicy.java
/home/ahmed/Desktop/FIT4003/extract/src/outputs/gson/gson/gson/src/main/java/com/google/gson/package-info.java
/home/ahmed/Desktop/FIT4003/extract/src/outputs/gson/gson/gson/src/main/java/com/google/gson/reflect/package-info.java
/home/ahmed/Desktop/FIT4003/extract/src/outputs/gson/gson/gson/src/main/java/com/google/gson/reflect/TypeToken.java
/home/ahmed/Desktop/FIT4003/extract/src/outputs/gson/gson/gson/src/main/java/com/google/gson/stream/JsonReader.java
/home/ahmed/Desktop/FIT4003/extract/src/outputs/gson/gson/gson/src/main/java/com/google/gson/stream/JsonScope.java
/home/ahmed/Desktop/FIT4003/extract/src/outputs/gson/gson/gson/src/main/java/com/google/gson/stream/JsonToken.java
/home/ahmed/Desktop/FIT4003/extract/src/outputs/gson/gson/gson/src/main/java/com/google/gson/stream/JsonWriter.java
/home/ahmed/Desktop/FIT4003/extract/src/outputs/gson/gson/gson/src/main/java/com/google/gson/stream/MalformedJsonException.java
/home/ahmed/Desktop/FIT4003/extract/src/outputs/gson/gson/gson/src/main/java/com/google/gson/TypeAdapter.java
/home/ahmed/Desktop/FIT4003/extract/src/outputs/gson/gson/gson/src/main/java/com/google/gson/TypeAdapterFactory.java
/home/ahmed/Desktop/FIT4003/extract/src/outputs/gson/gson/gson/src/main/java/com/google/gson/util/VersionUtils.java
/home/ahmed/Desktop/FIT4003/extract/src/outputs/gson/gson/gson/src/test/java/com/google/gson/CommentsTest.java
/home/ahmed/Desktop/FIT4003/extract/src/outputs/gson/gson/gson/src/test/java/com/google/gson/common/MoreAsserts.java
/home/ahmed/Desktop/FIT4003/extract/src/outputs/gson/gson/gson/src/test/java/com/google/gson/common/TestTypes.java
/home/ahmed/Desktop/FIT4003/extract/src/outputs/gson/gson/gson/src/test/java/com/google/gson/DefaultDateTypeAdapterTest.java
/home/ahmed/Desktop/FIT4003/extract/src/outputs/gson/gson/gson/src/test/java/com/google/gson/DefaultInetAddressTypeAdapterTest.java
/home/ahmed/Desktop/FIT4003/extract/src/outputs/gson/gson/gson/src/test/java/com/google/gson/DefaultMapJsonSerializerTest.java
/home/ahmed/Desktop/FIT4003/extract/src/outputs/gson/gson/gson/src/test/java/com/google/gson/ExposeAnnotationExclusionStrategyTest.java
/home/ahmed/Desktop/FIT4003/extract/src/outputs/gson/gson/gson/src/test/java/com/google/gson/FieldAttributesTest.java
/home/ahmed/Desktop/FIT4003/extract/src/outputs/gson/gson/gson/src/test/java/com/google/gson/functional/ArrayTest.java
/home/ahmed/Desktop/FIT4003/extract/src/outputs/gson/gson/gson/src/test/java/com/google/gson/functional/CircularReferenceTest.java
/home/ahmed/Desktop/FIT4003/extract/src/outputs/gson/gson/gson/src/test/java/com/google/gson/functional/CollectionTest.java
/home/ahmed/Desktop/FIT4003/extract/src/outputs/gson/gson/gson/src/test/java/com/google/gson/functional/ConcurrencyTest.java
/home/ahmed/Desktop/FIT4003/extract/src/outputs/gson/gson/gson/src/test/java/com/google/gson/functional/CustomDeserializerTest.java
/home/ahmed/Desktop/FIT4003/extract/src/outputs/gson/gson/gson/src/test/java/com/google/gson/functional/CustomSerializerTest.java
/home/ahmed/Desktop/FIT4003/extract/src/outputs/gson/gson/gson/src/test/java/com/google/gson/functional/CustomTypeAdaptersTest.java
/home/ahmed/Desktop/FIT4003/extract/src/outputs/gson/gson/gson/src/test/java/com/google/gson/functional/DefaultTypeAdaptersTest.java
/home/ahmed/Desktop/FIT4003/extract/src/outputs/gson/gson/gson/src/test/java/com/google/gson/functional/DelegateTypeAdapterTest.java
/home/ahmed/Desktop/FIT4003/extract/src/outputs/gson/gson/gson/src/test/java/com/google/gson/functional/EnumTest.java
/home/ahmed/Desktop/FIT4003/extract/src/outputs/gson/gson/gson/src/test/java/com/google/gson/functional/EscapingTest.java
/home/ahmed/Desktop/FIT4003/extract/src/outputs/gson/gson/gson/src/test/java/com/google/gson/functional/ExclusionStrategyFunctionalTest.java
/home/ahmed/Desktop/FIT4003/extract/src/outputs/gson/gson/gson/src/test/java/com/google/gson/functional/ExposeFieldsTest.java
/home/ahmed/Desktop/FIT4003/extract/src/outputs/gson/gson/gson/src/test/java/com/google/gson/functional/FieldExclusionTest.java
/home/ahmed/Desktop/FIT4003/extract/src/outputs/gson/gson/gson/src/test/java/com/google/gson/functional/FieldNamingTest.java
/home/ahmed/Desktop/FIT4003/extract/src/outputs/gson/gson/gson/src/test/java/com/google/gson/functional/InheritanceTest.java
/home/ahmed/Desktop/FIT4003/extract/src/outputs/gson/gson/gson/src/test/java/com/google/gson/functional/InstanceCreatorTest.java
/home/ahmed/Desktop/FIT4003/extract/src/outputs/gson/gson/gson/src/test/java/com/google/gson/functional/InterfaceTest.java
/home/ahmed/Desktop/FIT4003/extract/src/outputs/gson/gson/gson/src/test/java/com/google/gson/functional/InternationalizationTest.java
/home/ahmed/Desktop/FIT4003/extract/src/outputs/gson/gson/gson/src/test/java/com/google/gson/functional/JavaUtilConcurrentAtomicTest.java
/home/ahmed/Desktop/FIT4003/extract/src/outputs/gson/gson/gson/src/test/java/com/google/gson/functional/JavaUtilTest.java
/home/ahmed/Desktop/FIT4003/extract/src/outputs/gson/gson/gson/src/test/java/com/google/gson/functional/JsonAdapterAnnotationOnClassesTest.java
/home/ahmed/Desktop/FIT4003/extract/src/outputs/gson/gson/gson/src/test/java/com/google/gson/functional/JsonAdapterAnnotationOnFieldsTest.java
/home/ahmed/Desktop/FIT4003/extract/src/outputs/gson/gson/gson/src/test/java/com/google/gson/functional/JsonAdapterSerializerDeserializerTest.java
/home/ahmed/Desktop/FIT4003/extract/src/outputs/gson/gson/gson/src/test/java/com/google/gson/functional/JsonArrayTest.java
/home/ahmed/Desktop/FIT4003/extract/src/outputs/gson/gson/gson/src/test/java/com/google/gson/functional/JsonParserTest.java
/home/ahmed/Desktop/FIT4003/extract/src/outputs/gson/gson/gson/src/test/java/com/google/gson/functional/JsonTreeTest.java
/home/ahmed/Desktop/FIT4003/extract/src/outputs/gson/gson/gson/src/test/java/com/google/gson/functional/LeniencyTest.java
/home/ahmed/Desktop/FIT4003/extract/src/outputs/gson/gson/gson/src/test/java/com/google/gson/functional/MapAsArrayTypeAdapterTest.java
/home/ahmed/Desktop/FIT4003/extract/src/outputs/gson/gson/gson/src/test/java/com/google/gson/functional/MapTest.java
/home/ahmed/Desktop/FIT4003/extract/src/outputs/gson/gson/gson/src/test/java/com/google/gson/functional/MoreSpecificTypeSerializationTest.java
/home/ahmed/Desktop/FIT4003/extract/src/outputs/gson/gson/gson/src/test/java/com/google/gson/functional/NamingPolicyTest.java
/home/ahmed/Desktop/FIT4003/extract/src/outputs/gson/gson/gson/src/test/java/com/google/gson/functional/NullObjectAndFieldTest.java
/home/ahmed/Desktop/FIT4003/extract/src/outputs/gson/gson/gson/src/test/java/com/google/gson/functional/ObjectTest.java
/home/ahmed/Desktop/FIT4003/extract/src/outputs/gson/gson/gson/src/test/java/com/google/gson/functional/ParameterizedTypesTest.java
/home/ahmed/Desktop/FIT4003/extract/src/outputs/gson/gson/gson/src/test/java/com/google/gson/functional/PrettyPrintingTest.java
/home/ahmed/Desktop/FIT4003/extract/src/outputs/gson/gson/gson/src/test/java/com/google/gson/functional/PrimitiveCharacterTest.java
/home/ahmed/Desktop/FIT4003/extract/src/outputs/gson/gson/gson/src/test/java/com/google/gson/functional/PrimitiveTest.java
/home/ahmed/Desktop/FIT4003/extract/src/outputs/gson/gson/gson/src/test/java/com/google/gson/functional/PrintFormattingTest.java
/home/ahmed/Desktop/FIT4003/extract/src/outputs/gson/gson/gson/src/test/java/com/google/gson/functional/RawSerializationTest.java
/home/ahmed/Desktop/FIT4003/extract/src/outputs/gson/gson/gson/src/test/java/com/google/gson/functional/ReadersWritersTest.java
/home/ahmed/Desktop/FIT4003/extract/src/outputs/gson/gson/gson/src/test/java/com/google/gson/functional/RuntimeTypeAdapterFactoryFunctionalTest.java
/home/ahmed/Desktop/FIT4003/extract/src/outputs/gson/gson/gson/src/test/java/com/google/gson/functional/SecurityTest.java
/home/ahmed/Desktop/FIT4003/extract/src/outputs/gson/gson/gson/src/test/java/com/google/gson/functional/SerializedNameTest.java
/home/ahmed/Desktop/FIT4003/extract/src/outputs/gson/gson/gson/src/test/java/com/google/gson/functional/StreamingTypeAdaptersTest.java
/home/ahmed/Desktop/FIT4003/extract/src/outputs/gson/gson/gson/src/test/java/com/google/gson/functional/StringTest.java
/home/ahmed/Desktop/FIT4003/extract/src/outputs/gson/gson/gson/src/test/java/com/google/gson/functional/ThrowableFunctionalTest.java
/home/ahmed/Desktop/FIT4003/extract/src/outputs/gson/gson/gson/src/test/java/com/google/gson/functional/TreeTypeAdaptersTest.java
/home/ahmed/Desktop/FIT4003/extract/src/outputs/gson/gson/gson/src/test/java/com/google/gson/functional/TypeAdapterPrecedenceTest.java
/home/ahmed/Desktop/FIT4003/extract/src/outputs/gson/gson/gson/src/test/java/com/google/gson/functional/TypeHierarchyAdapterTest.java
/home/ahmed/Desktop/FIT4003/extract/src/outputs/gson/gson/gson/src/test/java/com/google/gson/functional/TypeVariableTest.java
/home/ahmed/Desktop/FIT4003/extract/src/outputs/gson/gson/gson/src/test/java/com/google/gson/functional/UncategorizedTest.java
/home/ahmed/Desktop/FIT4003/extract/src/outputs/gson/gson/gson/src/test/java/com/google/gson/functional/VersioningTest.java
/home/ahmed/Desktop/FIT4003/extract/src/outputs/gson/gson/gson/src/test/java/com/google/gson/GenericArrayTypeTest.java
/home/ahmed/Desktop/FIT4003/extract/src/outputs/gson/gson/gson/src/test/java/com/google/gson/GsonBuilderTest.java
/home/ahmed/Desktop/FIT4003/extract/src/outputs/gson/gson/gson/src/test/java/com/google/gson/GsonTest.java
/home/ahmed/Desktop/FIT4003/extract/src/outputs/gson/gson/gson/src/test/java/com/google/gson/GsonTypeAdapterTest.java
/home/ahmed/Desktop/FIT4003/extract/src/outputs/gson/gson/gson/src/test/java/com/google/gson/InnerClassExclusionStrategyTest.java
/home/ahmed/Desktop/FIT4003/extract/src/outputs/gson/gson/gson/src/test/java/com/google/gson/internal/bind/JsonElementReaderTest.java
/home/ahmed/Desktop/FIT4003/extract/src/outputs/gson/gson/gson/src/test/java/com/google/gson/internal/bind/JsonTreeReaderTest.java
/home/ahmed/Desktop/FIT4003/extract/src/outputs/gson/gson/gson/src/test/java/com/google/gson/internal/bind/JsonTreeWriterTest.java
/home/ahmed/Desktop/FIT4003/extract/src/outputs/gson/gson/gson/src/test/java/com/google/gson/internal/bind/RecursiveTypesResolveTest.java
/home/ahmed/Desktop/FIT4003/extract/src/outputs/gson/gson/gson/src/test/java/com/google/gson/internal/GsonTypesTest.java
/home/ahmed/Desktop/FIT4003/extract/src/outputs/gson/gson/gson/src/test/java/com/google/gson/internal/LazilyParsedNumberTest.java
/home/ahmed/Desktop/FIT4003/extract/src/outputs/gson/gson/gson/src/test/java/com/google/gson/internal/LinkedHashTreeMapTest.java
/home/ahmed/Desktop/FIT4003/extract/src/outputs/gson/gson/gson/src/test/java/com/google/gson/internal/LinkedTreeMapTest.java
/home/ahmed/Desktop/FIT4003/extract/src/outputs/gson/gson/gson/src/test/java/com/google/gson/internal/reflect/UnsafeReflectionAccessorTest.java
/home/ahmed/Desktop/FIT4003/extract/src/outputs/gson/gson/gson/src/test/java/com/google/gson/internal/UnsafeAllocatorInstantiationTest.java
/home/ahmed/Desktop/FIT4003/extract/src/outputs/gson/gson/gson/src/test/java/com/google/gson/JavaSerializationTest.java
/home/ahmed/Desktop/FIT4003/extract/src/outputs/gson/gson/gson/src/test/java/com/google/gson/JsonArrayTest.java
/home/ahmed/Desktop/FIT4003/extract/src/outputs/gson/gson/gson/src/test/java/com/google/gson/JsonNullTest.java
/home/ahmed/Desktop/FIT4003/extract/src/outputs/gson/gson/gson/src/test/java/com/google/gson/JsonObjectTest.java
/home/ahmed/Desktop/FIT4003/extract/src/outputs/gson/gson/gson/src/test/java/com/google/gson/JsonParserTest.java
/home/ahmed/Desktop/FIT4003/extract/src/outputs/gson/gson/gson/src/test/java/com/google/gson/JsonPrimitiveTest.java
/home/ahmed/Desktop/FIT4003/extract/src/outputs/gson/gson/gson/src/test/java/com/google/gson/JsonStreamParserTest.java
/home/ahmed/Desktop/FIT4003/extract/src/outputs/gson/gson/gson/src/test/java/com/google/gson/LongSerializationPolicyTest.java
/home/ahmed/Desktop/FIT4003/extract/src/outputs/gson/gson/gson/src/test/java/com/google/gson/metrics/PerformanceTest.java
/home/ahmed/Desktop/FIT4003/extract/src/outputs/gson/gson/gson/src/test/java/com/google/gson/MixedStreamTest.java
/home/ahmed/Desktop/FIT4003/extract/src/outputs/gson/gson/gson/src/test/java/com/google/gson/MockExclusionStrategy.java
/home/ahmed/Desktop/FIT4003/extract/src/outputs/gson/gson/gson/src/test/java/com/google/gson/ObjectTypeAdapterTest.java
/home/ahmed/Desktop/FIT4003/extract/src/outputs/gson/gson/gson/src/test/java/com/google/gson/OverrideCoreTypeAdaptersTest.java
/home/ahmed/Desktop/FIT4003/extract/src/outputs/gson/gson/gson/src/test/java/com/google/gson/ParameterizedTypeFixtures.java
/home/ahmed/Desktop/FIT4003/extract/src/outputs/gson/gson/gson/src/test/java/com/google/gson/ParameterizedTypeTest.java
/home/ahmed/Desktop/FIT4003/extract/src/outputs/gson/gson/gson/src/test/java/com/google/gson/PrimitiveTypeAdapter.java
/home/ahmed/Desktop/FIT4003/extract/src/outputs/gson/gson/gson/src/test/java/com/google/gson/reflect/TypeTokenTest.java
/home/ahmed/Desktop/FIT4003/extract/src/outputs/gson/gson/gson/src/test/java/com/google/gson/regression/JsonAdapterNullSafeTest.java
/home/ahmed/Desktop/FIT4003/extract/src/outputs/gson/gson/gson/src/test/java/com/google/gson/stream/JsonReaderPathTest.java
/home/ahmed/Desktop/FIT4003/extract/src/outputs/gson/gson/gson/src/test/java/com/google/gson/stream/JsonReaderTest.java
/home/ahmed/Desktop/FIT4003/extract/src/outputs/gson/gson/gson/src/test/java/com/google/gson/stream/JsonWriterTest.java
/home/ahmed/Desktop/FIT4003/extract/src/outputs/gson/gson/gson/src/test/java/com/google/gson/VersionExclusionStrategyTest.java
/home/ahmed/Desktop/FIT4003/extract/src/outputs/gson/gson/metrics/src/main/java/com/google/gson/metrics/BagOfPrimitives.java
/home/ahmed/Desktop/FIT4003/extract/src/outputs/gson/gson/metrics/src/main/java/com/google/gson/metrics/BagOfPrimitivesDeserializationBenchmark.java
/home/ahmed/Desktop/FIT4003/extract/src/outputs/gson/gson/metrics/src/main/java/com/google/gson/metrics/CollectionsDeserializationBenchmark.java
/home/ahmed/Desktop/FIT4003/extract/src/outputs/gson/gson/metrics/src/main/java/com/google/gson/metrics/ParseBenchmark.java
/home/ahmed/Desktop/FIT4003/extract/src/outputs/gson/gson/metrics/src/main/java/com/google/gson/metrics/SerializationBenchmark.java
/home/ahmed/Desktop/FIT4003/extract/src/outputs/gson/gson/proto/src/main/java/com/google/gson/protobuf/ProtoTypeAdapter.java
/home/ahmed/Desktop/FIT4003/extract/src/outputs/gson/gson/proto/src/test/java/com/google/gson/protobuf/functional/ProtosWithAnnotationsTest.java
/home/ahmed/Desktop/FIT4003/extract/src/outputs/gson/gson/proto/src/test/java/com/google/gson/protobuf/functional/ProtosWithComplexAndRepeatedFieldsTest.java
/home/ahmed/Desktop/FIT4003/extract/src/outputs/gson/gson/proto/src/test/java/com/google/gson/protobuf/functional/ProtosWithPrimitiveTypesTest.java
